Determining if the pthread_create exist failed with the following output:
Change Dir: /home/thetrippleh/Dokumente/Grive/Uni/git/buw_programmiersprachen/programmiersprachen-aufgabeblatt-3/build/CMakeFiles/CMakeTmp

Run Build Command:"/usr/bin/make" "cmTC_a961e/fast"
/usr/bin/make -f CMakeFiles/cmTC_a961e.dir/build.make CMakeFiles/cmTC_a961e.dir/build
make[1]: Verzeichnis „/home/thetrippleh/Dokumente/Grive/Uni/git/buw_programmiersprachen/programmiersprachen-aufgabeblatt-3/build/CMakeFiles/CMakeTmp“ wird betreten
Building C object CMakeFiles/cmTC_a961e.dir/CheckSymbolExists.c.o
/usr/bin/cc     -o CMakeFiles/cmTC_a961e.dir/CheckSymbolExists.c.o   -c /home/thetrippleh/Dokumente/Grive/Uni/git/buw_programmiersprachen/programmiersprachen-aufgabeblatt-3/build/CMakeFiles/CMakeTmp/CheckSymbolExists.c
Linking C executable cmTC_a961e
/usr/bin/cmake -E cmake_link_script CMakeFiles/cmTC_a961e.dir/link.txt --verbose=1
/usr/bin/cc       CMakeFiles/cmTC_a961e.dir/CheckSymbolExists.c.o  -o cmTC_a961e -rdynamic 
CMakeFiles/cmTC_a961e.dir/CheckSymbolExists.c.o: In Funktion `main':
CheckSymbolExists.c:(.text+0x16): Nicht definierter Verweis auf `pthread_create'
collect2: error: ld returned 1 exit status
CMakeFiles/cmTC_a961e.dir/build.make:97: die Regel für Ziel „cmTC_a961e“ scheiterte
make[1]: *** [cmTC_a961e] Fehler 1
make[1]: Verzeichnis „/home/thetrippleh/Dokumente/Grive/Uni/git/buw_programmiersprachen/programmiersprachen-aufgabeblatt-3/build/CMakeFiles/CMakeTmp“ wird verlassen
Makefile:126: die Regel für Ziel „cmTC_a961e/fast“ scheiterte
make: *** [cmTC_a961e/fast] Fehler 2

File /home/thetrippleh/Dokumente/Grive/Uni/git/buw_programmiersprachen/programmiersprachen-aufgabeblatt-3/build/CMakeFiles/CMakeTmp/CheckSymbolExists.c:
/* */
#include <pthread.h>

int main(int argc, char** argv)
{
  (void)argv;
#ifndef pthread_create
  return ((int*)(&pthread_create))[argc];
#else
  (void)argc;
  return 0;
#endif
}

Determining if the function pthread_create exists in the pthreads failed with the following output:
Change Dir: /home/thetrippleh/Dokumente/Grive/Uni/git/buw_programmiersprachen/programmiersprachen-aufgabeblatt-3/build/CMakeFiles/CMakeTmp

Run Build Command:"/usr/bin/make" "cmTC_d39e5/fast"
/usr/bin/make -f CMakeFiles/cmTC_d39e5.dir/build.make CMakeFiles/cmTC_d39e5.dir/build
make[1]: Verzeichnis „/home/thetrippleh/Dokumente/Grive/Uni/git/buw_programmiersprachen/programmiersprachen-aufgabeblatt-3/build/CMakeFiles/CMakeTmp“ wird betreten
Building C object CMakeFiles/cmTC_d39e5.dir/CheckFunctionExists.c.o
/usr/bin/cc    -DCHECK_FUNCTION_EXISTS=pthread_create   -o CMakeFiles/cmTC_d39e5.dir/CheckFunctionExists.c.o   -c /usr/share/cmake-3.5/Modules/CheckFunctionExists.c
Linking C executable cmTC_d39e5
/usr/bin/cmake -E cmake_link_script CMakeFiles/cmTC_d39e5.dir/link.txt --verbose=1
/usr/bin/cc   -DCHECK_FUNCTION_EXISTS=pthread_create    CMakeFiles/cmTC_d39e5.dir/CheckFunctionExists.c.o  -o cmTC_d39e5 -rdynamic -lpthreads 
/usr/bin/ld: cannot find -lpthreads
collect2: error: ld returned 1 exit status
CMakeFiles/cmTC_d39e5.dir/build.make:97: die Regel für Ziel „cmTC_d39e5“ scheiterte
make[1]: *** [cmTC_d39e5] Fehler 1
make[1]: Verzeichnis „/home/thetrippleh/Dokumente/Grive/Uni/git/buw_programmiersprachen/programmiersprachen-aufgabeblatt-3/build/CMakeFiles/CMakeTmp“ wird verlassen
Makefile:126: die Regel für Ziel „cmTC_d39e5/fast“ scheiterte
make: *** [cmTC_d39e5/fast] Fehler 2


